Using pre-set license
Built from '2021.3/staging' branch; Version is '2021.3.3f1 (af2e63e8f9bd) revision 11480675'; Using compiler version '192829333'; Build Type 'Release'
OS: 'Windows 11  (10.0.22631) 64bit Professional' Language: 'tr' Physical Memory: 16333 MB
BatchMode: 1, IsHumanControllingUs: 0, StartBugReporterOnCrash: 0, Is64bit: 1, IsPro: 1

COMMAND LINE ARGUMENTS:
C:\Program Files\Unity\Hub\Editor\2021.3.3f1\Editor\Unity.exe
-adb2
-batchMode
-noUpm
-name
AssetImportWorker0
-projectPath
C:/Users/bilal/OneDrive/Belgeler/GitHub/Vertigo_Case/Case
-logFile
Logs/AssetImportWorker0.log
-srvPort
56393
Successfully changed project path to: C:/Users/bilal/OneDrive/Belgeler/GitHub/Vertigo_Case/Case
C:/Users/bilal/OneDrive/Belgeler/GitHub/Vertigo_Case/Case
[UnityMemory] Configuration Parameters - Can be set up in boot.config
    "memorysetup-bucket-allocator-granularity=16"
    "memorysetup-bucket-allocator-bucket-count=8"
    "memorysetup-bucket-allocator-block-size=33554432"
    "memorysetup-bucket-allocator-block-count=8"
    "memorysetup-main-allocator-block-size=16777216"
    "memorysetup-thread-allocator-block-size=16777216"
    "memorysetup-gfx-main-allocator-block-size=16777216"
    "memorysetup-gfx-thread-allocator-block-size=16777216"
    "memorysetup-cache-allocator-block-size=4194304"
    "memorysetup-typetree-allocator-block-size=2097152"
    "memorysetup-profiler-bucket-allocator-granularity=16"
    "memorysetup-profiler-bucket-allocator-bucket-count=8"
    "memorysetup-profiler-bucket-allocator-block-size=33554432"
    "memorysetup-profiler-bucket-allocator-block-count=8"
    "memorysetup-profiler-allocator-block-size=16777216"
    "memorysetup-profiler-editor-allocator-block-size=1048576"
    "memorysetup-temp-allocator-size-main=16777216"
    "memorysetup-job-temp-allocator-block-size=2097152"
    "memorysetup-job-temp-allocator-block-size-background=1048576"
    "memorysetup-job-temp-allocator-reduction-small-platforms=262144"
    "memorysetup-temp-allocator-size-background-worker=32768"
    "memorysetup-temp-allocator-size-job-worker=262144"
    "memorysetup-temp-allocator-size-preload-manager=33554432"
    "memorysetup-temp-allocator-size-nav-mesh-worker=65536"
    "memorysetup-temp-allocator-size-audio-worker=65536"
    "memorysetup-temp-allocator-size-cloud-worker=32768"
    "memorysetup-temp-allocator-size-gi-baking-worker=262144"
    "memorysetup-temp-allocator-size-gfx=262144"
Refreshing native plugins compatible for Editor in 184.80 ms, found 5 plugins.
Preloading 0 native plugins for Editor in 0.00 ms.
Initialize engine version: 2021.3.3f1 (af2e63e8f9bd)
[Subsystems] Discovering subsystems at path C:/Program Files/Unity/Hub/Editor/2021.3.3f1/Editor/Data/Resources/UnitySubsystems
[Subsystems] Discovering subsystems at path C:/Users/bilal/OneDrive/Belgeler/GitHub/Vertigo_Case/Case/Assets
GfxDevice: creating device client; threaded=0; jobified=0
Direct3D:
    Version:  Direct3D 11.0 [level 11.1]
    Renderer: NVIDIA GeForce GTX 1650 (ID=0x2188)
    Vendor:   NVIDIA
    VRAM:     3937 MB
    Driver:   32.0.15.6603
Initialize mono
Mono path[0] = 'C:/Program Files/Unity/Hub/Editor/2021.3.3f1/Editor/Data/Managed'
Mono path[1] = 'C:/Program Files/Unity/Hub/Editor/2021.3.3f1/Editor/Data/MonoBleedingEdge/lib/mono/unityjit-win32'
Mono config path = 'C:/Program Files/Unity/Hub/Editor/2021.3.3f1/Editor/Data/MonoBleedingEdge/etc'
Using monoOptions --debugger-agent=transport=dt_socket,embedding=1,server=y,suspend=n,address=127.0.0.1:56408
Begin MonoManager ReloadAssembly
Registering precompiled unity dll's ...
Register platform support module: C:/Program Files/Unity/Hub/Editor/2021.3.3f1/Editor/Data/PlaybackEngines/AndroidPlayer/UnityEditor.Android.Extensions.dll
Register platform support module: C:/Program Files/Unity/Hub/Editor/2021.3.3f1/Editor/Data/PlaybackEngines/iOSSupport/UnityEditor.iOS.Extensions.dll
Register platform support module: C:/Program Files/Unity/Hub/Editor/2021.3.3f1/Editor/Data/PlaybackEngines/WindowsStandaloneSupport/UnityEditor.WindowsStandalone.Extensions.dll
Registered in 0.011281 seconds.
Native extension for WindowsStandalone target not found
Native extension for iOS target not found
Native extension for Android target not found
Refreshing native plugins compatible for Editor in 157.32 ms, found 5 plugins.
Preloading 0 native plugins for Editor in 0.00 ms.
Mono: successfully reloaded assembly
- Completed reload, in  0.978 seconds
Domain Reload Profiling:
	ReloadAssembly (978ms)
		BeginReloadAssembly (139ms)
			ExecutionOrderSort (0ms)
			DisableScriptedObjects (0ms)
			BackupInstance (0ms)
			ReleaseScriptingObjects (0ms)
			CreateAndSetChildDomain (1ms)
		EndReloadAssembly (684ms)
			LoadAssemblies (137ms)
			RebuildTransferFunctionScriptingTraits (0ms)
			SetupTypeCache (144ms)
			ReleaseScriptCaches (0ms)
			RebuildScriptCaches (36ms)
			SetupLoadedEditorAssemblies (433ms)
				LogAssemblyErrors (0ms)
				InitializePlatformSupportModulesInManaged (90ms)
				SetLoadedEditorAssemblies (0ms)
				RefreshPlugins (157ms)
				BeforeProcessingInitializeOnLoad (2ms)
				ProcessInitializeOnLoadAttributes (124ms)
				ProcessInitializeOnLoadMethodAttributes (60ms)
				AfterProcessingInitializeOnLoad (0ms)
				EditorAssembliesLoaded (0ms)
			ExecutionOrderSort2 (0ms)
			AwakeInstancesAfterBackupRestoration (0ms)
Platform modules already initialized, skipping
Registering precompiled user dll's ...
Registered in 0.013884 seconds.
Begin MonoManager ReloadAssembly
Native extension for WindowsStandalone target not found
Native extension for iOS target not found
Native extension for Android target not found
Refreshing native plugins compatible for Editor in 169.84 ms, found 5 plugins.
Preloading 0 native plugins for Editor in 0.00 ms.
Mono: successfully reloaded assembly
- Completed reload, in  2.045 seconds
Domain Reload Profiling:
	ReloadAssembly (2046ms)
		BeginReloadAssembly (297ms)
			ExecutionOrderSort (0ms)
			DisableScriptedObjects (10ms)
			BackupInstance (0ms)
			ReleaseScriptingObjects (0ms)
			CreateAndSetChildDomain (139ms)
		EndReloadAssembly (1608ms)
			LoadAssemblies (163ms)
			RebuildTransferFunctionScriptingTraits (0ms)
			SetupTypeCache (437ms)
			ReleaseScriptCaches (1ms)
			RebuildScriptCaches (93ms)
			SetupLoadedEditorAssemblies (871ms)
				LogAssemblyErrors (0ms)
				InitializePlatformSupportModulesInManaged (40ms)
				SetLoadedEditorAssemblies (0ms)
				RefreshPlugins (170ms)
				BeforeProcessingInitializeOnLoad (187ms)
				ProcessInitializeOnLoadAttributes (341ms)
				ProcessInitializeOnLoadMethodAttributes (119ms)
				AfterProcessingInitializeOnLoad (12ms)
				EditorAssembliesLoaded (0ms)
			ExecutionOrderSort2 (0ms)
			AwakeInstancesAfterBackupRestoration (7ms)
Platform modules already initialized, skipping
========================================================================
Worker process is ready to serve import requests
Launched and connected shader compiler UnityShaderCompiler.exe after 0.08 seconds
Refreshing native plugins compatible for Editor in 1.12 ms, found 5 plugins.
Preloading 0 native plugins for Editor in 0.00 ms.
Unloading 5451 Unused Serialized files (Serialized files now loaded: 0)
Unloading 44 unused Assets / (0.7 MB). Loaded Objects now: 5904.
Memory consumption went from 213.4 MB to 212.7 MB.
Total: 6.661700 ms (FindLiveObjects: 0.725400 ms CreateObjectMapping: 0.328100 ms MarkObjects: 5.249400 ms  DeleteObjects: 0.349200 ms)

AssetImportParameters requested are different than current active one (requested -> active):
  custom:video-decoder-ogg-theora: a1e56fd34408186e4bbccfd4996cb3dc -> 
  custom:container-muxer-webm: aa71ff27fc2769a1b78a27578f13a17b -> 
  custom:container-demuxer-webm: 4f35f7cbe854078d1ac9338744f61a02 -> 
  custom:video-encoder-webm-vp8: eb34c28f22e8b96e1ab97ce403110664 -> 
  custom:video-codec-MediaFoundation-h265: 746d11721c4dcdbdad8f713fa42b33f4 -> 
  custom:audio-encoder-webm-vorbis: bf7c407c2cedff20999df2af8eb42d56 -> 
  custom:framework-win-MediaFoundation: 216162199b28c13a410421893ffa2e32 -> 
  custom:container-demuxer-ogg: 62fdf1f143b41e24485cea50d1cbac27 -> 
  custom:video-decoder-webm-vp8: 9c59270c3fd7afecdb556c50c9e8de78 -> 
  custom:audio-decoder-ogg-vorbis: bf7c407c2cedff20999df2af8eb42d56 -> 
========================================================================
Received Import Request.
  Time since last request: 525321.339997 seconds.
  path: Assets/Scripts/Slot_Items/bomb.asset
  artifactKey: Guid(1a6c6c5fd09029e4f8e7beaf13c39c19) Importer(815301076,1909f56bfc062723c751e8b465ee728b)
Start importing Assets/Scripts/Slot_Items/bomb.asset using Guid(1a6c6c5fd09029e4f8e7beaf13c39c19) Importer(815301076,1909f56bfc062723c751e8b465ee728b)  -> (artifact id: '65cb90e978a7584a15748480bd62a78f') in 0.075002 seconds 
========================================================================
Received Import Request.
  Time since last request: 0.000045 seconds.
  path: Assets/2D/Sprites/UI_icon_chest_super_nolight.png
  artifactKey: Guid(85a86b165cd256a45b3fdfe9aac0975f) Importer(815301076,1909f56bfc062723c751e8b465ee728b)
Start importing Assets/2D/Sprites/UI_icon_chest_super_nolight.png using Guid(85a86b165cd256a45b3fdfe9aac0975f) Importer(815301076,1909f56bfc062723c751e8b465ee728b)  -> (artifact id: '0ce70e7ecbd324a6fcd6936d96342382') in 0.179485 seconds 
========================================================================
Received Import Request.
  Time since last request: 0.000027 seconds.
  path: Assets/Scripts/Slot_Items/Slot Item 14.asset
  artifactKey: Guid(43027e4e45e47304e81e78c11285fc81) Importer(815301076,1909f56bfc062723c751e8b465ee728b)
Start importing Assets/Scripts/Slot_Items/Slot Item 14.asset using Guid(43027e4e45e47304e81e78c11285fc81) Importer(815301076,1909f56bfc062723c751e8b465ee728b)  -> (artifact id: '606000ee041f8ea9eadb404c40048bb8') in 0.013729 seconds 
========================================================================
Received Import Request.
  Time since last request: 0.000031 seconds.
  path: Assets/2D/Sprites/UI_icon_cash.png
  artifactKey: Guid(16548ea4afad4864ca0b6cf1e3f28f6b) Importer(815301076,1909f56bfc062723c751e8b465ee728b)
Start importing Assets/2D/Sprites/UI_icon_cash.png using Guid(16548ea4afad4864ca0b6cf1e3f28f6b) Importer(815301076,1909f56bfc062723c751e8b465ee728b)  -> (artifact id: 'afff360ae8b009fe26d25413774035cb') in 0.036656 seconds 
========================================================================
Received Import Request.
  Time since last request: 0.000038 seconds.
  path: Assets/Scripts/Slot_Items/Slot Item 7.asset
  artifactKey: Guid(cc9742e97e4f9854899c36eb5ce193c1) Importer(815301076,1909f56bfc062723c751e8b465ee728b)
Start importing Assets/Scripts/Slot_Items/Slot Item 7.asset using Guid(cc9742e97e4f9854899c36eb5ce193c1) Importer(815301076,1909f56bfc062723c751e8b465ee728b)  -> (artifact id: '0999a30a8219c0846f373c1bc5a14212') in 0.013481 seconds 
========================================================================
Received Import Request.
  Time since last request: 0.000027 seconds.
  path: Assets/2D/Sprites/ui_icon_mle_bayonet_easter_time.png
  artifactKey: Guid(99687d7e7dc3c4e4ea8a485900a5d621) Importer(815301076,1909f56bfc062723c751e8b465ee728b)
Start importing Assets/2D/Sprites/ui_icon_mle_bayonet_easter_time.png using Guid(99687d7e7dc3c4e4ea8a485900a5d621) Importer(815301076,1909f56bfc062723c751e8b465ee728b)  -> (artifact id: '5c1589d6838301887d73231572f84af4') in 0.044605 seconds 
========================================================================
Received Import Request.
  Time since last request: 0.000026 seconds.
  path: Assets/Scripts/Slot_Items/Slot Item 5.asset
  artifactKey: Guid(079eadaff460bc349a2dee0d19e792a5) Importer(815301076,1909f56bfc062723c751e8b465ee728b)
Start importing Assets/Scripts/Slot_Items/Slot Item 5.asset using Guid(079eadaff460bc349a2dee0d19e792a5) Importer(815301076,1909f56bfc062723c751e8b465ee728b)  -> (artifact id: '9e90a99f3af975271ec66cc889d296c5') in 0.013683 seconds 
========================================================================
Received Import Request.
  Time since last request: 0.000031 seconds.
  path: Assets/Scripts/Slot_Items/Slot Item 17.asset
  artifactKey: Guid(bbe90862d02664848a79ce27683f30f5) Importer(815301076,1909f56bfc062723c751e8b465ee728b)
Start importing Assets/Scripts/Slot_Items/Slot Item 17.asset using Guid(bbe90862d02664848a79ce27683f30f5) Importer(815301076,1909f56bfc062723c751e8b465ee728b)  -> (artifact id: '5f23e8142cdce54e3fcb5591de1b8d75') in 0.013440 seconds 
========================================================================
Received Import Request.
  Time since last request: 0.000027 seconds.
  path: Assets/2D/Sprites/ui_card_zone_map_frame.png
  artifactKey: Guid(400a06c567db89948832edfc9abcc2b1) Importer(815301076,1909f56bfc062723c751e8b465ee728b)
Start importing Assets/2D/Sprites/ui_card_zone_map_frame.png using Guid(400a06c567db89948832edfc9abcc2b1) Importer(815301076,1909f56bfc062723c751e8b465ee728b)  -> (artifact id: '863bf52ab3341cf7777d1890ebd39dba') in 0.028934 seconds 
========================================================================
Received Import Request.
  Time since last request: 0.000031 seconds.
  path: Assets/2D/Sprites/UI_icon_chest_gold_nolight.png
  artifactKey: Guid(93117e73da49cb84e83c5d4e1ef5a053) Importer(815301076,1909f56bfc062723c751e8b465ee728b)
Start importing Assets/2D/Sprites/UI_icon_chest_gold_nolight.png using Guid(93117e73da49cb84e83c5d4e1ef5a053) Importer(815301076,1909f56bfc062723c751e8b465ee728b)  -> (artifact id: '697ac538d5bf2185530097f8ab71185a') in 0.040667 seconds 
========================================================================
Received Import Request.
  Time since last request: 0.000029 seconds.
  path: Assets/Scripts/Slot_Items/Slot Item 1.asset
  artifactKey: Guid(ee790a1d3b56c264385173548004e173) Importer(815301076,1909f56bfc062723c751e8b465ee728b)
Start importing Assets/Scripts/Slot_Items/Slot Item 1.asset using Guid(ee790a1d3b56c264385173548004e173) Importer(815301076,1909f56bfc062723c751e8b465ee728b)  -> (artifact id: 'c4104c243b3e34c60b9439d23d890805') in 0.013364 seconds 
========================================================================
Received Import Request.
  Time since last request: 0.000046 seconds.
  path: Assets/2D/Sprites/ui_icon_baseball_cap_easter.png
  artifactKey: Guid(defd754470eda514fbf06d00d2c1c8b3) Importer(815301076,1909f56bfc062723c751e8b465ee728b)
Start importing Assets/2D/Sprites/ui_icon_baseball_cap_easter.png using Guid(defd754470eda514fbf06d00d2c1c8b3) Importer(815301076,1909f56bfc062723c751e8b465ee728b)  -> (artifact id: '27f2aa382ad7ab57d76f6b6a514986ad') in 0.045603 seconds 
========================================================================
Received Import Request.
  Time since last request: 0.000034 seconds.
  path: Assets/2D/Sprites/UI_icon_chest_big_nolight.png
  artifactKey: Guid(8df6b7f6634979b4185574d31e2170d2) Importer(815301076,1909f56bfc062723c751e8b465ee728b)
Start importing Assets/2D/Sprites/UI_icon_chest_big_nolight.png using Guid(8df6b7f6634979b4185574d31e2170d2) Importer(815301076,1909f56bfc062723c751e8b465ee728b)  -> (artifact id: 'd4cf8ddd83256a8479b8758779e30566') in 0.041362 seconds 
========================================================================
Received Import Request.
  Time since last request: 0.000027 seconds.
  path: Assets/2D/Sprites/UI_icon_chest_small_noligt.png
  artifactKey: Guid(19ba467b09640e44d99d37edb0afbd68) Importer(815301076,1909f56bfc062723c751e8b465ee728b)
Start importing Assets/2D/Sprites/UI_icon_chest_small_noligt.png using Guid(19ba467b09640e44d99d37edb0afbd68) Importer(815301076,1909f56bfc062723c751e8b465ee728b)  -> (artifact id: '114202fab06f569e547e46e7f0f8c0df') in 0.042493 seconds 
========================================================================
Received Import Request.
  Time since last request: 0.000027 seconds.
  path: Assets/2D/Sprites/ui_icon_aviator_glasses_easter.png
  artifactKey: Guid(95698f33c660008449610a5501bdc48b) Importer(815301076,1909f56bfc062723c751e8b465ee728b)
Start importing Assets/2D/Sprites/ui_icon_aviator_glasses_easter.png using Guid(95698f33c660008449610a5501bdc48b) Importer(815301076,1909f56bfc062723c751e8b465ee728b)  -> (artifact id: '62983bee9fdb6f5a90f568452cf4fe94') in 0.040275 seconds 
========================================================================
Received Import Request.
  Time since last request: 0.000035 seconds.
  path: Assets/Scripts/Slot_Items/Slot Item 6.asset
  artifactKey: Guid(e3754bc8666d4b8409bd21481d695dc6) Importer(815301076,1909f56bfc062723c751e8b465ee728b)
Start importing Assets/Scripts/Slot_Items/Slot Item 6.asset using Guid(e3754bc8666d4b8409bd21481d695dc6) Importer(815301076,1909f56bfc062723c751e8b465ee728b)  -> (artifact id: 'e28d382186e855b8cf765913854e80ca') in 0.013920 seconds 
========================================================================
Received Import Request.
  Time since last request: 0.000039 seconds.
  path: Assets/Scripts/Slot_Items/Slot Item 21.asset
  artifactKey: Guid(f122a99096c1f1c4a9bdfe74ecc1d351) Importer(815301076,1909f56bfc062723c751e8b465ee728b)
Start importing Assets/Scripts/Slot_Items/Slot Item 21.asset using Guid(f122a99096c1f1c4a9bdfe74ecc1d351) Importer(815301076,1909f56bfc062723c751e8b465ee728b)  -> (artifact id: 'bd0bd70c111361c2de6d4c51afed6f95') in 0.017067 seconds 
========================================================================
Received Import Request.
  Time since last request: 0.000025 seconds.
  path: Assets/2D/Sprites/ui_card_panel_zone_current_white.png
  artifactKey: Guid(612d8598849aa6a43b0efd2a750e1d90) Importer(815301076,1909f56bfc062723c751e8b465ee728b)
Start importing Assets/2D/Sprites/ui_card_panel_zone_current_white.png using Guid(612d8598849aa6a43b0efd2a750e1d90) Importer(815301076,1909f56bfc062723c751e8b465ee728b)  -> (artifact id: '7c1070205997b432357be195ca88dd01') in 0.026626 seconds 
========================================================================
Received Import Request.
  Time since last request: 0.000039 seconds.
  path: Assets/Scripts/Slot_Items/Slot Item 2.asset
  artifactKey: Guid(d4075613e99793e478d1b0361e95bb60) Importer(815301076,1909f56bfc062723c751e8b465ee728b)
Start importing Assets/Scripts/Slot_Items/Slot Item 2.asset using Guid(d4075613e99793e478d1b0361e95bb60) Importer(815301076,1909f56bfc062723c751e8b465ee728b)  -> (artifact id: '9378bd3a3f4b4d368a4d7e534bbf1d27') in 0.013175 seconds 
========================================================================
Received Import Request.
  Time since last request: 0.000036 seconds.
  path: Assets/Scripts/Slot_Items/Slot Item 9.asset
  artifactKey: Guid(8e290705d2f173540a630389a9451f9e) Importer(815301076,1909f56bfc062723c751e8b465ee728b)
Start importing Assets/Scripts/Slot_Items/Slot Item 9.asset using Guid(8e290705d2f173540a630389a9451f9e) Importer(815301076,1909f56bfc062723c751e8b465ee728b)  -> (artifact id: 'e87f294f5d500c944fd0e077e43a8a62') in 0.013375 seconds 
========================================================================
Received Import Request.
  Time since last request: 0.000026 seconds.
  path: Assets/Scripts/Slot_Items/Slot Item 3.asset
  artifactKey: Guid(8616cab1efc6bd344a46f862bd8ceb76) Importer(815301076,1909f56bfc062723c751e8b465ee728b)
Start importing Assets/Scripts/Slot_Items/Slot Item 3.asset using Guid(8616cab1efc6bd344a46f862bd8ceb76) Importer(815301076,1909f56bfc062723c751e8b465ee728b)  -> (artifact id: '01bef01a08b5f2e81275e49c9ba79f07') in 0.014122 seconds 
========================================================================
Received Import Request.
  Time since last request: 0.000032 seconds.
  path: Assets/Scripts/Slot_Items/Slot Item 18.asset
  artifactKey: Guid(5b588aee8e8287f4d97c80c4cb2fef89) Importer(815301076,1909f56bfc062723c751e8b465ee728b)
Start importing Assets/Scripts/Slot_Items/Slot Item 18.asset using Guid(5b588aee8e8287f4d97c80c4cb2fef89) Importer(815301076,1909f56bfc062723c751e8b465ee728b)  -> (artifact id: '17e202b2c6e74fbd8d3507c683b56689') in 0.013701 seconds 
========================================================================
Received Import Request.
  Time since last request: 0.000027 seconds.
  path: Assets/Scripts/Slot_Items/Slot Item 16.asset
  artifactKey: Guid(bac4aca544fcae74b93575e57a32329e) Importer(815301076,1909f56bfc062723c751e8b465ee728b)
Start importing Assets/Scripts/Slot_Items/Slot Item 16.asset using Guid(bac4aca544fcae74b93575e57a32329e) Importer(815301076,1909f56bfc062723c751e8b465ee728b)  -> (artifact id: 'c8f0597fc65e2db673c9f656995ae2a4') in 0.012955 seconds 
========================================================================
Received Import Request.
  Time since last request: 0.000034 seconds.
  path: Assets/Scripts/Slot_Items/Slot Item 10.asset
  artifactKey: Guid(16a1a4f31de0b334d905db3df70b34ad) Importer(815301076,1909f56bfc062723c751e8b465ee728b)
Start importing Assets/Scripts/Slot_Items/Slot Item 10.asset using Guid(16a1a4f31de0b334d905db3df70b34ad) Importer(815301076,1909f56bfc062723c751e8b465ee728b)  -> (artifact id: 'c535be36b17ad021d5479eab0e600048') in 0.013495 seconds 
========================================================================
Received Import Request.
  Time since last request: 0.000027 seconds.
  path: Assets/Scripts/Slot_Items/Slot Item.asset
  artifactKey: Guid(d357bbba7c0c9354da14222818b83fd9) Importer(815301076,1909f56bfc062723c751e8b465ee728b)
Start importing Assets/Scripts/Slot_Items/Slot Item.asset using Guid(d357bbba7c0c9354da14222818b83fd9) Importer(815301076,1909f56bfc062723c751e8b465ee728b)  -> (artifact id: '45afac13146c0bab917aa332db3d22ff') in 0.014103 seconds 
========================================================================
Received Import Request.
  Time since last request: 0.000031 seconds.
  path: Assets/2D/Sprites/ui_card_panel_zone_white.png
  artifactKey: Guid(80c27e86fbf7c8b4aa2b6822d21fa272) Importer(815301076,1909f56bfc062723c751e8b465ee728b)
Start importing Assets/2D/Sprites/ui_card_panel_zone_white.png using Guid(80c27e86fbf7c8b4aa2b6822d21fa272) Importer(815301076,1909f56bfc062723c751e8b465ee728b)  -> (artifact id: 'fb0ac90ea3df742b05db4e3d8fc19fad') in 0.028780 seconds 
========================================================================
Received Import Request.
  Time since last request: 0.000047 seconds.
  path: Assets/2D/Sprites/UI_icon_chest_Bronze_nolight.png
  artifactKey: Guid(f44c18b01789c704e882d9b73d7d6b48) Importer(815301076,1909f56bfc062723c751e8b465ee728b)
Start importing Assets/2D/Sprites/UI_icon_chest_Bronze_nolight.png using Guid(f44c18b01789c704e882d9b73d7d6b48) Importer(815301076,1909f56bfc062723c751e8b465ee728b)  -> (artifact id: 'a856bc355e0333c1e8f89e1e156b9a3d') in 0.039678 seconds 
========================================================================
Received Import Request.
  Time since last request: 0.000033 seconds.
  path: Assets/Scripts/Slot_Items/Slot Item 8.asset
  artifactKey: Guid(52a84bdd955e9bb46b2a7a7ada04c150) Importer(815301076,1909f56bfc062723c751e8b465ee728b)
Start importing Assets/Scripts/Slot_Items/Slot Item 8.asset using Guid(52a84bdd955e9bb46b2a7a7ada04c150) Importer(815301076,1909f56bfc062723c751e8b465ee728b)  -> (artifact id: '45249308375e6f97efc5e05252123533') in 0.012938 seconds 
========================================================================
Received Import Request.
  Time since last request: 0.000027 seconds.
  path: Assets/Scripts/Slot_Items/Slot Item 11.asset
  artifactKey: Guid(3caa19b2ef6e1ae4eaa1d543a1788fab) Importer(815301076,1909f56bfc062723c751e8b465ee728b)
Start importing Assets/Scripts/Slot_Items/Slot Item 11.asset using Guid(3caa19b2ef6e1ae4eaa1d543a1788fab) Importer(815301076,1909f56bfc062723c751e8b465ee728b)  -> (artifact id: 'f0ccb7711b1cfe9cecbb2fd2a0ac05c9') in 0.012698 seconds 
========================================================================
Received Import Request.
  Time since last request: 0.000027 seconds.
  path: Assets/2D/Sprites/UI_icon_chest_silver_nolight.png
  artifactKey: Guid(b5b58358074b7724b93520359f9f3392) Importer(815301076,1909f56bfc062723c751e8b465ee728b)
Start importing Assets/2D/Sprites/UI_icon_chest_silver_nolight.png using Guid(b5b58358074b7724b93520359f9f3392) Importer(815301076,1909f56bfc062723c751e8b465ee728b)  -> (artifact id: 'e79c99ff251235be13c904b9547620d7') in 0.036859 seconds 
========================================================================
Received Import Request.
  Time since last request: 0.000027 seconds.
  path: Assets/Scripts/Slot_Items/Slot Item 13.asset
  artifactKey: Guid(400bee8a032cd654eb1f5ee0f0ad7514) Importer(815301076,1909f56bfc062723c751e8b465ee728b)
Start importing Assets/Scripts/Slot_Items/Slot Item 13.asset using Guid(400bee8a032cd654eb1f5ee0f0ad7514) Importer(815301076,1909f56bfc062723c751e8b465ee728b)  -> (artifact id: '65b188ccbb8d9b52b301748548725bf1') in 0.012841 seconds 
========================================================================
Received Import Request.
  Time since last request: 0.000025 seconds.
  path: Assets/2D/Sprites/ui_icon_helmet_pumpkin.png
  artifactKey: Guid(c694a1b841190254f9a75bd624fe9726) Importer(815301076,1909f56bfc062723c751e8b465ee728b)
Start importing Assets/2D/Sprites/ui_icon_helmet_pumpkin.png using Guid(c694a1b841190254f9a75bd624fe9726) Importer(815301076,1909f56bfc062723c751e8b465ee728b)  -> (artifact id: 'adbc6e424a7c2157e777c5e787d366ea') in 0.035540 seconds 
========================================================================
Received Import Request.
  Time since last request: 0.000026 seconds.
  path: Assets/2D/Sprites/ui_card_panel_zone_super.png
  artifactKey: Guid(0832a61a7afa7c943bea2451d6b99b6e) Importer(815301076,1909f56bfc062723c751e8b465ee728b)
Start importing Assets/2D/Sprites/ui_card_panel_zone_super.png using Guid(0832a61a7afa7c943bea2451d6b99b6e) Importer(815301076,1909f56bfc062723c751e8b465ee728b)  -> (artifact id: '613273d1c9cfad5460683e1af2a227b3') in 0.024549 seconds 
========================================================================
Received Import Request.
  Time since last request: 0.000029 seconds.
  path: Assets/2D/Sprites/UI_icon_gold.png
  artifactKey: Guid(81e0ffdc2635f1e46b2f050d0f4e1566) Importer(815301076,1909f56bfc062723c751e8b465ee728b)
Start importing Assets/2D/Sprites/UI_icon_gold.png using Guid(81e0ffdc2635f1e46b2f050d0f4e1566) Importer(815301076,1909f56bfc062723c751e8b465ee728b)  -> (artifact id: '4c31a7a7c17110034a728028a468d563') in 0.037097 seconds 
========================================================================
Received Import Request.
  Time since last request: 0.000035 seconds.
  path: Assets/Scripts/Slot_Items/Slot Item 15.asset
  artifactKey: Guid(484f02a1e69af154f8b671be31345dbf) Importer(815301076,1909f56bfc062723c751e8b465ee728b)
Start importing Assets/Scripts/Slot_Items/Slot Item 15.asset using Guid(484f02a1e69af154f8b671be31345dbf) Importer(815301076,1909f56bfc062723c751e8b465ee728b)  -> (artifact id: '8b0280ab49d49625ec9e2513e400ece4') in 0.013505 seconds 
========================================================================
Received Import Request.
  Time since last request: 0.000030 seconds.
  path: Assets/Scripts/Slot_Items/Slot Item 4.asset
  artifactKey: Guid(7abf6efa155696e419dff6add04c4fba) Importer(815301076,1909f56bfc062723c751e8b465ee728b)
Start importing Assets/Scripts/Slot_Items/Slot Item 4.asset using Guid(7abf6efa155696e419dff6add04c4fba) Importer(815301076,1909f56bfc062723c751e8b465ee728b)  -> (artifact id: 'ab2b1f0914dc57a9c8a574c91096edba') in 0.012100 seconds 
========================================================================
Received Import Request.
  Time since last request: 0.000026 seconds.
  path: Assets/Scripts/Slot_Items/Slot Item 12.asset
  artifactKey: Guid(f9dcf9606ecfaf7448697937fa52316d) Importer(815301076,1909f56bfc062723c751e8b465ee728b)
Start importing Assets/Scripts/Slot_Items/Slot Item 12.asset using Guid(f9dcf9606ecfaf7448697937fa52316d) Importer(815301076,1909f56bfc062723c751e8b465ee728b)  -> (artifact id: '732339d6cc2d0a11e3ff85a1247c23db') in 0.012792 seconds 
========================================================================
Received Import Request.
  Time since last request: 0.000024 seconds.
  path: Assets/2D/Sprites/UI_icon_chest_standart_nolight.png
  artifactKey: Guid(c65783cfb730d7449bd2969dba3cc6af) Importer(815301076,1909f56bfc062723c751e8b465ee728b)
Start importing Assets/2D/Sprites/UI_icon_chest_standart_nolight.png using Guid(c65783cfb730d7449bd2969dba3cc6af) Importer(815301076,1909f56bfc062723c751e8b465ee728b)  -> (artifact id: '2ef25e28bbd939f4097e55831e209737') in 0.036732 seconds 
========================================================================
Received Import Request.
  Time since last request: 0.000025 seconds.
  path: Assets/Scripts/Slot_Items/Slot Item 20.asset
  artifactKey: Guid(9616ed7c5812fc540b87fbc67279ab59) Importer(815301076,1909f56bfc062723c751e8b465ee728b)
Start importing Assets/Scripts/Slot_Items/Slot Item 20.asset using Guid(9616ed7c5812fc540b87fbc67279ab59) Importer(815301076,1909f56bfc062723c751e8b465ee728b)  -> (artifact id: 'ac086fc0511bd799fa5ea4617bb362f9') in 0.014385 seconds 
========================================================================
Received Import Request.
  Time since last request: 0.000028 seconds.
  path: Assets/Scripts/Slot_Items/Slot Item 19.asset
  artifactKey: Guid(c4d0d5821766bc047adadfdd6a7f573f) Importer(815301076,1909f56bfc062723c751e8b465ee728b)
Start importing Assets/Scripts/Slot_Items/Slot Item 19.asset using Guid(c4d0d5821766bc047adadfdd6a7f573f) Importer(815301076,1909f56bfc062723c751e8b465ee728b)  -> (artifact id: '8860a8b00b9a7c4532ba8146020bd584') in 0.012898 seconds 
========================================================================
Received Import Request.
  Time since last request: 32.521539 seconds.
  path: Assets/Prefabs/Collected_Item.prefab
  artifactKey: Guid(4526c7db2722c2249b972a5903fb07fe) Importer(815301076,1909f56bfc062723c751e8b465ee728b)
Start importing Assets/Prefabs/Collected_Item.prefab using Guid(4526c7db2722c2249b972a5903fb07fe) Importer(815301076,1909f56bfc062723c751e8b465ee728b)  -> (artifact id: 'ddd1374653c9aa5cb190a31f49f1848a') in 0.077929 seconds 
========================================================================
Received Import Request.
  Time since last request: 0.000032 seconds.
  path: Assets/Prefabs/Slot_.prefab
  artifactKey: Guid(4ec925698cbc6a54194f06f1e907b3be) Importer(815301076,1909f56bfc062723c751e8b465ee728b)
Start importing Assets/Prefabs/Slot_.prefab using Guid(4ec925698cbc6a54194f06f1e907b3be) Importer(815301076,1909f56bfc062723c751e8b465ee728b)  -> (artifact id: 'c3d961a631aa275675b37422746e4074') in 0.049774 seconds 
========================================================================
Received Import Request.
  Time since last request: 0.000033 seconds.
  path: Assets/Prefabs/ui_level_content_number.prefab
  artifactKey: Guid(82ecea5636b6b324691c0ecfad580e17) Importer(815301076,1909f56bfc062723c751e8b465ee728b)
Start importing Assets/Prefabs/ui_level_content_number.prefab using Guid(82ecea5636b6b324691c0ecfad580e17) Importer(815301076,1909f56bfc062723c751e8b465ee728b)  -> (artifact id: '15bea0f18480c4d351d3fa73404395a7') in 0.045220 seconds 
========================================================================
Received Import Request.
  Time since last request: 0.123279 seconds.
  path: Assets/Materials/Skybox_Mat.mat
  artifactKey: Guid(0ffaa0b7117ba8c47a9d05ae701d4b4d) Importer(815301076,1909f56bfc062723c751e8b465ee728b)
Start importing Assets/Materials/Skybox_Mat.mat using Guid(0ffaa0b7117ba8c47a9d05ae701d4b4d) Importer(815301076,1909f56bfc062723c751e8b465ee728b)  -> (artifact id: 'e0e1794afd2fa90281a0e4b394cb256a') in 0.384134 seconds 
========================================================================
Received Import Request.
  Time since last request: 0.000142 seconds.
  path: Assets/Audio/casino bg music.mp3
  artifactKey: Guid(d00bf608bd1c0a949a485dd2c43ffc15) Importer(815301076,1909f56bfc062723c751e8b465ee728b)
Start importing Assets/Audio/casino bg music.mp3 using Guid(d00bf608bd1c0a949a485dd2c43ffc15) Importer(815301076,1909f56bfc062723c751e8b465ee728b)  -> (artifact id: '6df59aaf36ab8538aa736ea2e20bc820') in 0.059649 seconds 
========================================================================
Received Import Request.
  Time since last request: 0.000044 seconds.
  path: Assets/Audio/win.mp3
  artifactKey: Guid(43b5a0bacc774d54b9a965e54c98f67e) Importer(815301076,1909f56bfc062723c751e8b465ee728b)
Start importing Assets/Audio/win.mp3 using Guid(43b5a0bacc774d54b9a965e54c98f67e) Importer(815301076,1909f56bfc062723c751e8b465ee728b)  -> (artifact id: 'eabed786928730cf1c53c683b05f9fca') in 0.033589 seconds 
========================================================================
Received Import Request.
  Time since last request: 0.000029 seconds.
  path: Assets/Audio/spin.wav
  artifactKey: Guid(71aa2481c419a1443b9ca599c6cda111) Importer(815301076,1909f56bfc062723c751e8b465ee728b)
Start importing Assets/Audio/spin.wav using Guid(71aa2481c419a1443b9ca599c6cda111) Importer(815301076,1909f56bfc062723c751e8b465ee728b)  -> (artifact id: 'df83da3ba9184585eb93dc9258a14e01') in 0.031312 seconds 
========================================================================
Received Import Request.
  Time since last request: 0.000028 seconds.
  path: Assets/Audio/lose.mp3
  artifactKey: Guid(5bd4e0aaf5dd4f44b88f5acfe43e629d) Importer(815301076,1909f56bfc062723c751e8b465ee728b)
Start importing Assets/Audio/lose.mp3 using Guid(5bd4e0aaf5dd4f44b88f5acfe43e629d) Importer(815301076,1909f56bfc062723c751e8b465ee728b)  -> (artifact id: 'a146b4b1d39202b96b15f1457b0dc8e4') in 0.027006 seconds 
========================================================================
Received Import Request.
  Time since last request: 1.377499 seconds.
  path: Assets/Presets/AudioCompressedInMemory.preset
  artifactKey: Guid(2dd802e4d37c65149922028d3e973832) Importer(815301076,1909f56bfc062723c751e8b465ee728b)
Start importing Assets/Presets/AudioCompressedInMemory.preset using Guid(2dd802e4d37c65149922028d3e973832) Importer(815301076,1909f56bfc062723c751e8b465ee728b)  -> (artifact id: '11aa55593b29254b933979ccaab9d090') in 0.017598 seconds 
========================================================================
Received Import Request.
  Time since last request: 0.000030 seconds.
  path: Assets/Presets/AudioStreaming.preset
  artifactKey: Guid(86bcce7f5575b54408aa0f3a7d321039) Importer(815301076,1909f56bfc062723c751e8b465ee728b)
Start importing Assets/Presets/AudioStreaming.preset using Guid(86bcce7f5575b54408aa0f3a7d321039) Importer(815301076,1909f56bfc062723c751e8b465ee728b)  -> (artifact id: '36681d79c5d982f3f2d4944bb3a11c11') in 0.021202 seconds 
========================================================================
Received Import Request.
  Time since last request: 0.000030 seconds.
  path: Assets/Presets/NormalTexture.preset
  artifactKey: Guid(14a57cf3b9fa1c74b884aa7e0dcf1faa) Importer(815301076,1909f56bfc062723c751e8b465ee728b)
Start importing Assets/Presets/NormalTexture.preset using Guid(14a57cf3b9fa1c74b884aa7e0dcf1faa) Importer(815301076,1909f56bfc062723c751e8b465ee728b)  -> (artifact id: '97df00ec59eae2c3a8dea5fd0d8197f0') in 0.018130 seconds 
========================================================================
Received Import Request.
  Time since last request: 0.000032 seconds.
  path: Assets/Presets/UtilityTexture.preset
  artifactKey: Guid(45f7b2e3c78185248b3adbb14429c2ab) Importer(815301076,1909f56bfc062723c751e8b465ee728b)
Start importing Assets/Presets/UtilityTexture.preset using Guid(45f7b2e3c78185248b3adbb14429c2ab) Importer(815301076,1909f56bfc062723c751e8b465ee728b)  -> (artifact id: '4e888e501f94b54f9e2712528bd34a63') in 0.020921 seconds 
========================================================================
Received Import Request.
  Time since last request: 1.217474 seconds.
  path: Assets/Resources/DOTweenSettings.asset
  artifactKey: Guid(ceffe3bdef06fb74e89c139018cdd266) Importer(815301076,1909f56bfc062723c751e8b465ee728b)
Start importing Assets/Resources/DOTweenSettings.asset using Guid(ceffe3bdef06fb74e89c139018cdd266) Importer(815301076,1909f56bfc062723c751e8b465ee728b)  -> (artifact id: 'cc4c52173a326da74939bda1f17a933e') in 0.014105 seconds 
========================================================================
Received Import Request.
  Time since last request: 1.496332 seconds.
  path: Assets/Scenes/SampleScene.unity
  artifactKey: Guid(d1c3109bdb54ad54c8a2b2838528e640) Importer(815301076,1909f56bfc062723c751e8b465ee728b)
Start importing Assets/Scenes/SampleScene.unity using Guid(d1c3109bdb54ad54c8a2b2838528e640) Importer(815301076,1909f56bfc062723c751e8b465ee728b)  -> (artifact id: 'a5f5295767917a67577f33404ffac0cc') in 0.013215 seconds 
========================================================================
Received Prepare
Refreshing native plugins compatible for Editor in 9.10 ms, found 5 plugins.
Preloading 0 native plugins for Editor in 0.00 ms.
Unloading 32 Unused Serialized files (Serialized files now loaded: 0)
Unloading 33 unused Assets / (0.7 MB). Loaded Objects now: 6046.
Memory consumption went from 102.2 MB to 101.5 MB.
Total: 5.432200 ms (FindLiveObjects: 0.510300 ms CreateObjectMapping: 0.182400 ms MarkObjects: 4.414500 ms  DeleteObjects: 0.324000 ms)

AssetImportParameters requested are different than current active one (requested -> active):
  custom:video-decoder-ogg-theora: a1e56fd34408186e4bbccfd4996cb3dc -> 
  custom:container-muxer-webm: aa71ff27fc2769a1b78a27578f13a17b -> 
  custom:container-demuxer-webm: 4f35f7cbe854078d1ac9338744f61a02 -> 
  custom:video-encoder-webm-vp8: eb34c28f22e8b96e1ab97ce403110664 -> 
  custom:video-codec-MediaFoundation-h265: 746d11721c4dcdbdad8f713fa42b33f4 -> 
  custom:audio-encoder-webm-vorbis: bf7c407c2cedff20999df2af8eb42d56 -> 
  custom:framework-win-MediaFoundation: 216162199b28c13a410421893ffa2e32 -> 
  custom:container-demuxer-ogg: 62fdf1f143b41e24485cea50d1cbac27 -> 
  custom:video-decoder-webm-vp8: 9c59270c3fd7afecdb556c50c9e8de78 -> 
  custom:audio-decoder-ogg-vorbis: bf7c407c2cedff20999df2af8eb42d56 -> 
========================================================================
Received Prepare
Refreshing native plugins compatible for Editor in 10.52 ms, found 5 plugins.
Preloading 0 native plugins for Editor in 0.00 ms.
Unloading 33 Unused Serialized files (Serialized files now loaded: 0)
Unloading 33 unused Assets / (0.7 MB). Loaded Objects now: 6046.
Memory consumption went from 102.3 MB to 101.6 MB.
Total: 5.801500 ms (FindLiveObjects: 0.539000 ms CreateObjectMapping: 0.311700 ms MarkObjects: 4.534500 ms  DeleteObjects: 0.415100 ms)

AssetImportParameters requested are different than current active one (requested -> active):
  custom:video-decoder-ogg-theora: a1e56fd34408186e4bbccfd4996cb3dc -> 
  custom:container-muxer-webm: aa71ff27fc2769a1b78a27578f13a17b -> 
  custom:container-demuxer-webm: 4f35f7cbe854078d1ac9338744f61a02 -> 
  custom:video-encoder-webm-vp8: eb34c28f22e8b96e1ab97ce403110664 -> 
  custom:video-codec-MediaFoundation-h265: 746d11721c4dcdbdad8f713fa42b33f4 -> 
  custom:audio-encoder-webm-vorbis: bf7c407c2cedff20999df2af8eb42d56 -> 
  custom:framework-win-MediaFoundation: 216162199b28c13a410421893ffa2e32 -> 
  custom:container-demuxer-ogg: 62fdf1f143b41e24485cea50d1cbac27 -> 
  custom:video-decoder-webm-vp8: 9c59270c3fd7afecdb556c50c9e8de78 -> 
  custom:audio-decoder-ogg-vorbis: bf7c407c2cedff20999df2af8eb42d56 -> 
========================================================================
Received Import Request.
  Time since last request: 128.985788 seconds.
  path: Assets/2D/Sprites/ui_card_panel_zone_current_white.png
  artifactKey: Guid(612d8598849aa6a43b0efd2a750e1d90) Importer(815301076,1909f56bfc062723c751e8b465ee728b)
Start importing Assets/2D/Sprites/ui_card_panel_zone_current_white.png using Guid(612d8598849aa6a43b0efd2a750e1d90) Importer(815301076,1909f56bfc062723c751e8b465ee728b)  -> (artifact id: '694ea0169f27785393db15df4478714f') in 0.322901 seconds 
========================================================================
Received Import Request.
  Time since last request: 0.000034 seconds.
  path: Assets/2D/Sprites/UI_icon_chest_super_nolight.png
  artifactKey: Guid(85a86b165cd256a45b3fdfe9aac0975f) Importer(815301076,1909f56bfc062723c751e8b465ee728b)
Start importing Assets/2D/Sprites/UI_icon_chest_super_nolight.png using Guid(85a86b165cd256a45b3fdfe9aac0975f) Importer(815301076,1909f56bfc062723c751e8b465ee728b)  -> (artifact id: 'fdcc1a24734188e32eca659cc5ff89a0') in 0.071397 seconds 
========================================================================
Received Import Request.
  Time since last request: 0.000043 seconds.
  path: Assets/2D/Sprites/UI_icon_cash.png
  artifactKey: Guid(16548ea4afad4864ca0b6cf1e3f28f6b) Importer(815301076,1909f56bfc062723c751e8b465ee728b)
Start importing Assets/2D/Sprites/UI_icon_cash.png using Guid(16548ea4afad4864ca0b6cf1e3f28f6b) Importer(815301076,1909f56bfc062723c751e8b465ee728b)  -> (artifact id: '13710a1569a7e079ac2e370a853c85cb') in 0.044307 seconds 
========================================================================
Received Import Request.
  Time since last request: 0.000028 seconds.
  path: Assets/2D/Sprites/ui_icon_mle_bayonet_easter_time.png
  artifactKey: Guid(99687d7e7dc3c4e4ea8a485900a5d621) Importer(815301076,1909f56bfc062723c751e8b465ee728b)
Start importing Assets/2D/Sprites/ui_icon_mle_bayonet_easter_time.png using Guid(99687d7e7dc3c4e4ea8a485900a5d621) Importer(815301076,1909f56bfc062723c751e8b465ee728b)  -> (artifact id: '27940e2387c1495465cb87bd09b97a8f') in 0.061874 seconds 
========================================================================
Received Import Request.
  Time since last request: 0.000037 seconds.
  path: Assets/2D/Sprites/ui_card_zone_map_frame.png
  artifactKey: Guid(400a06c567db89948832edfc9abcc2b1) Importer(815301076,1909f56bfc062723c751e8b465ee728b)
Start importing Assets/2D/Sprites/ui_card_zone_map_frame.png using Guid(400a06c567db89948832edfc9abcc2b1) Importer(815301076,1909f56bfc062723c751e8b465ee728b)  -> (artifact id: '200c0733d44506ee775519d39a27f243') in 0.033291 seconds 
========================================================================
Received Import Request.
  Time since last request: 0.000033 seconds.
  path: Assets/2D/Sprites/UI_icon_chest_gold_nolight.png
  artifactKey: Guid(93117e73da49cb84e83c5d4e1ef5a053) Importer(815301076,1909f56bfc062723c751e8b465ee728b)
Start importing Assets/2D/Sprites/UI_icon_chest_gold_nolight.png using Guid(93117e73da49cb84e83c5d4e1ef5a053) Importer(815301076,1909f56bfc062723c751e8b465ee728b)  -> (artifact id: 'b5d6d08f9b46056a1ceb32f67b1f47ae') in 0.049977 seconds 
========================================================================
Received Import Request.
  Time since last request: 0.000037 seconds.
  path: Assets/2D/Sprites/ui_icon_baseball_cap_easter.png
  artifactKey: Guid(defd754470eda514fbf06d00d2c1c8b3) Importer(815301076,1909f56bfc062723c751e8b465ee728b)
Start importing Assets/2D/Sprites/ui_icon_baseball_cap_easter.png using Guid(defd754470eda514fbf06d00d2c1c8b3) Importer(815301076,1909f56bfc062723c751e8b465ee728b)  -> (artifact id: '25d51a5a07647cd0af88507ae68cc342') in 0.052552 seconds 
========================================================================
Received Import Request.
  Time since last request: 0.000097 seconds.
  path: Assets/2D/Sprites/UI_icon_chest_small_noligt.png
  artifactKey: Guid(19ba467b09640e44d99d37edb0afbd68) Importer(815301076,1909f56bfc062723c751e8b465ee728b)
Start importing Assets/2D/Sprites/UI_icon_chest_small_noligt.png using Guid(19ba467b09640e44d99d37edb0afbd68) Importer(815301076,1909f56bfc062723c751e8b465ee728b)  -> (artifact id: 'aff67dbd5469156c7d92d693df31d8eb') in 0.045938 seconds 
========================================================================
Received Import Request.
  Time since last request: 0.000029 seconds.
  path: Assets/2D/Sprites/UI_icon_chest_big_nolight.png
  artifactKey: Guid(8df6b7f6634979b4185574d31e2170d2) Importer(815301076,1909f56bfc062723c751e8b465ee728b)
Start importing Assets/2D/Sprites/UI_icon_chest_big_nolight.png using Guid(8df6b7f6634979b4185574d31e2170d2) Importer(815301076,1909f56bfc062723c751e8b465ee728b)  -> (artifact id: '44a5b1fde172637465218a520ad39664') in 0.047716 seconds 
========================================================================
Received Import Request.
  Time since last request: 0.000246 seconds.
  path: Assets/2D/Sprites/ui_icon_aviator_glasses_easter.png
  artifactKey: Guid(95698f33c660008449610a5501bdc48b) Importer(815301076,1909f56bfc062723c751e8b465ee728b)
Start importing Assets/2D/Sprites/ui_icon_aviator_glasses_easter.png using Guid(95698f33c660008449610a5501bdc48b) Importer(815301076,1909f56bfc062723c751e8b465ee728b)  -> (artifact id: 'db8fd0e03fad34162d3dff8c4bd6340c') in 0.048366 seconds 
========================================================================
Received Import Request.
  Time since last request: 0.000035 seconds.
  path: Assets/2D/Sprites/UI_icon_chest_Bronze_nolight.png
  artifactKey: Guid(f44c18b01789c704e882d9b73d7d6b48) Importer(815301076,1909f56bfc062723c751e8b465ee728b)
Start importing Assets/2D/Sprites/UI_icon_chest_Bronze_nolight.png using Guid(f44c18b01789c704e882d9b73d7d6b48) Importer(815301076,1909f56bfc062723c751e8b465ee728b)  -> (artifact id: '04896dc40a50db96fffb59cee905158d') in 0.051118 seconds 
========================================================================
Received Import Request.
  Time since last request: 0.000031 seconds.
  path: Assets/2D/Sprites/UI_icon_chest_silver_nolight.png
  artifactKey: Guid(b5b58358074b7724b93520359f9f3392) Importer(815301076,1909f56bfc062723c751e8b465ee728b)
Start importing Assets/2D/Sprites/UI_icon_chest_silver_nolight.png using Guid(b5b58358074b7724b93520359f9f3392) Importer(815301076,1909f56bfc062723c751e8b465ee728b)  -> (artifact id: '5e0ca6e47c0ebdd566868832ced6a2fc') in 0.053848 seconds 
========================================================================
Received Import Request.
  Time since last request: 0.000050 seconds.
  path: Assets/2D/Sprites/ui_card_panel_zone_white.png
  artifactKey: Guid(80c27e86fbf7c8b4aa2b6822d21fa272) Importer(815301076,1909f56bfc062723c751e8b465ee728b)
Start importing Assets/2D/Sprites/ui_card_panel_zone_white.png using Guid(80c27e86fbf7c8b4aa2b6822d21fa272) Importer(815301076,1909f56bfc062723c751e8b465ee728b)  -> (artifact id: '13f1666532043818a239d1c95b6db98d') in 0.043153 seconds 
========================================================================
Received Import Request.
  Time since last request: 0.000032 seconds.
  path: Assets/2D/Sprites/ui_icon_helmet_pumpkin.png
  artifactKey: Guid(c694a1b841190254f9a75bd624fe9726) Importer(815301076,1909f56bfc062723c751e8b465ee728b)
Start importing Assets/2D/Sprites/ui_icon_helmet_pumpkin.png using Guid(c694a1b841190254f9a75bd624fe9726) Importer(815301076,1909f56bfc062723c751e8b465ee728b)  -> (artifact id: 'e65dd439ae140e40f7f6a6f8ab18d7fc') in 0.065441 seconds 
========================================================================
Received Import Request.
  Time since last request: 0.000033 seconds.
  path: Assets/2D/Sprites/ui_card_panel_zone_super.png
  artifactKey: Guid(0832a61a7afa7c943bea2451d6b99b6e) Importer(815301076,1909f56bfc062723c751e8b465ee728b)
Start importing Assets/2D/Sprites/ui_card_panel_zone_super.png using Guid(0832a61a7afa7c943bea2451d6b99b6e) Importer(815301076,1909f56bfc062723c751e8b465ee728b)  -> (artifact id: '11f3ea6ef718b8c3090ac766581dd986') in 0.029860 seconds 
========================================================================
Received Import Request.
  Time since last request: 0.000037 seconds.
  path: Assets/2D/Sprites/UI_icon_gold.png
  artifactKey: Guid(81e0ffdc2635f1e46b2f050d0f4e1566) Importer(815301076,1909f56bfc062723c751e8b465ee728b)
Start importing Assets/2D/Sprites/UI_icon_gold.png using Guid(81e0ffdc2635f1e46b2f050d0f4e1566) Importer(815301076,1909f56bfc062723c751e8b465ee728b)  -> (artifact id: 'f2efd6c651010aff56765162a83bf995') in 0.076472 seconds 
========================================================================
Received Import Request.
  Time since last request: 0.000510 seconds.
  path: Assets/2D/Sprites/UI_icon_chest_standart_nolight.png
  artifactKey: Guid(c65783cfb730d7449bd2969dba3cc6af) Importer(815301076,1909f56bfc062723c751e8b465ee728b)
Start importing Assets/2D/Sprites/UI_icon_chest_standart_nolight.png using Guid(c65783cfb730d7449bd2969dba3cc6af) Importer(815301076,1909f56bfc062723c751e8b465ee728b)  -> (artifact id: '939d6d5271143f7b452060caa1c80618') in 0.053272 seconds 
========================================================================
Received Prepare
Registering precompiled user dll's ...
Registered in 0.013375 seconds.
Begin MonoManager ReloadAssembly
Native extension for WindowsStandalone target not found
Native extension for iOS target not found
Native extension for Android target not found
Refreshing native plugins compatible for Editor in 1.21 ms, found 5 plugins.
Preloading 0 native plugins for Editor in 0.00 ms.
Mono: successfully reloaded assembly
- Completed reload, in  1.763 seconds
Domain Reload Profiling:
	ReloadAssembly (1763ms)
		BeginReloadAssembly (190ms)
			ExecutionOrderSort (0ms)
			DisableScriptedObjects (11ms)
			BackupInstance (0ms)
			ReleaseScriptingObjects (0ms)
			CreateAndSetChildDomain (54ms)
		EndReloadAssembly (1394ms)
			LoadAssemblies (129ms)
			RebuildTransferFunctionScriptingTraits (0ms)
			SetupTypeCache (393ms)
			ReleaseScriptCaches (2ms)
			RebuildScriptCaches (64ms)
			SetupLoadedEditorAssemblies (702ms)
				LogAssemblyErrors (0ms)
				InitializePlatformSupportModulesInManaged (34ms)
				SetLoadedEditorAssemblies (1ms)
				RefreshPlugins (1ms)
				BeforeProcessingInitializeOnLoad (130ms)
				ProcessInitializeOnLoadAttributes (408ms)
				ProcessInitializeOnLoadMethodAttributes (116ms)
				AfterProcessingInitializeOnLoad (11ms)
				EditorAssembliesLoaded (0ms)
			ExecutionOrderSort2 (0ms)
			AwakeInstancesAfterBackupRestoration (16ms)
Platform modules already initialized, skipping
Refreshing native plugins compatible for Editor in 4.16 ms, found 5 plugins.
Preloading 0 native plugins for Editor in 0.00 ms.
Unloading 5315 Unused Serialized files (Serialized files now loaded: 0)
Unloading 33 unused Assets / (0.7 MB). Loaded Objects now: 6013.
Memory consumption went from 208.6 MB to 208.0 MB.
Total: 5.460700 ms (FindLiveObjects: 0.523500 ms CreateObjectMapping: 0.214100 ms MarkObjects: 4.345300 ms  DeleteObjects: 0.376000 ms)

AssetImportParameters requested are different than current active one (requested -> active):
  custom:video-decoder-ogg-theora: a1e56fd34408186e4bbccfd4996cb3dc -> 
  custom:container-muxer-webm: aa71ff27fc2769a1b78a27578f13a17b -> 
  custom:container-demuxer-webm: 4f35f7cbe854078d1ac9338744f61a02 -> 
  custom:video-encoder-webm-vp8: eb34c28f22e8b96e1ab97ce403110664 -> 
  custom:video-codec-MediaFoundation-h265: 746d11721c4dcdbdad8f713fa42b33f4 -> 
  custom:audio-encoder-webm-vorbis: bf7c407c2cedff20999df2af8eb42d56 -> 
  custom:framework-win-MediaFoundation: 216162199b28c13a410421893ffa2e32 -> 
  custom:container-demuxer-ogg: 62fdf1f143b41e24485cea50d1cbac27 -> 
  custom:video-decoder-webm-vp8: 9c59270c3fd7afecdb556c50c9e8de78 -> 
  custom:audio-decoder-ogg-vorbis: bf7c407c2cedff20999df2af8eb42d56 -> 
========================================================================
Received Prepare
Refreshing native plugins compatible for Editor in 9.81 ms, found 5 plugins.
Preloading 0 native plugins for Editor in 0.00 ms.
Unloading 33 Unused Serialized files (Serialized files now loaded: 0)
Unloading 33 unused Assets / (0.7 MB). Loaded Objects now: 6013.
Memory consumption went from 102.3 MB to 101.6 MB.
Total: 5.119700 ms (FindLiveObjects: 0.459100 ms CreateObjectMapping: 0.158000 ms MarkObjects: 4.148100 ms  DeleteObjects: 0.352900 ms)

AssetImportParameters requested are different than current active one (requested -> active):
  custom:video-decoder-ogg-theora: a1e56fd34408186e4bbccfd4996cb3dc -> 
  custom:container-muxer-webm: aa71ff27fc2769a1b78a27578f13a17b -> 
  custom:container-demuxer-webm: 4f35f7cbe854078d1ac9338744f61a02 -> 
  custom:video-encoder-webm-vp8: eb34c28f22e8b96e1ab97ce403110664 -> 
  custom:video-codec-MediaFoundation-h265: 746d11721c4dcdbdad8f713fa42b33f4 -> 
  custom:audio-encoder-webm-vorbis: bf7c407c2cedff20999df2af8eb42d56 -> 
  custom:framework-win-MediaFoundation: 216162199b28c13a410421893ffa2e32 -> 
  custom:container-demuxer-ogg: 62fdf1f143b41e24485cea50d1cbac27 -> 
  custom:video-decoder-webm-vp8: 9c59270c3fd7afecdb556c50c9e8de78 -> 
  custom:audio-decoder-ogg-vorbis: bf7c407c2cedff20999df2af8eb42d56 -> 
